<?xml version="1.0" encoding="UTF-8"?>
<testng-results total="1" passed="1" failed="0" skipped="0">
  <reporter-output>
  </reporter-output>
  <suite started-at="2022-09-07T12:11:43Z" name="Default suite" finished-at="2022-09-07T12:11:45Z" duration-ms="1281">
    <groups>
    </groups>
    <test started-at="2022-09-07T12:11:43Z" name="Default test" finished-at="2022-09-07T12:11:45Z" duration-ms="1281">
      <class name="com.rmg.api.database.RmgEndtoEndTesy">
        <test-method is-config="true" signature="bsConfig()[pri:0, instance:com.rmg.api.database.RmgEndtoEndTesy@1b45c0e]" started-at="2022-09-07T17:41:43Z" name="bsConfig" finished-at="2022-09-07T17:41:43Z" duration-ms="141" status="PASS">
          <reporter-output>
          </reporter-output>
        </test-method> <!-- bsConfig -->
        <test-method signature="createProjectVerifyInGUIandDB()[pri:0, instance:com.rmg.api.database.RmgEndtoEndTesy@1b45c0e]" started-at="2022-09-07T17:41:43Z" name="createProjectVerifyInGUIandDB" finished-at="2022-09-07T17:41:45Z" duration-ms="1275" status="PASS">
          <reporter-output>
          </reporter-output>
        </test-method> <!-- createProjectVerifyInGUIandDB -->
        <test-method is-config="true" signature="asConfig()[pri:0, instance:com.rmg.api.database.RmgEndtoEndTesy@1b45c0e]" started-at="2022-09-07T17:41:45Z" name="asConfig" finished-at="2022-09-07T17:41:45Z" duration-ms="5" status="PASS">
          <reporter-output>
          </reporter-output>
        </test-method> <!-- asConfig -->
      </class> <!-- com.rmg.api.database.RmgEndtoEndTesy -->
    </test> <!-- Default test -->
  </suite> <!-- Default suite -->
</testng-results>
